<?xml version="1.0" encoding="utf-8"?><testsuites name="pytest tests"><testsuite name="pytest" errors="0" failures="0" skipped="0" tests="42" time="5.511" timestamp="2026-05-27T12:47:50.149118+00:00" hostname="agent-env-d8398a1a-e42a-44e4-b917-481335faf94f"><testcase classname="tests.test_classes.TestCreateClass" name="test_create_returns_expected_shape" time="0.506" /><testcase classname="tests.test_classes.TestCreateClass" name="test_create_requires_auth" time="0.054" /><testcase classname="tests.test_classes.TestJoinClass" name="test_invalid_code_returns_404" time="0.336" /><testcase classname="tests.test_classes.TestJoinClass" name="test_student_joins_with_valid_code" time="0.058" /><testcase classname="tests.test_classes.TestJoinClass" name="test_second_join_returns_already_member" time="0.056" /><testcase classname="tests.test_classes.TestMineEndpoint" name="test_teacher_sees_invite_code" time="0.071" /><testcase classname="tests.test_classes.TestMineEndpoint" name="test_student_invite_code_is_null" time="0.103" /><testcase classname="tests.test_classes.TestClassDetail" name="test_teacher_sees_students_with_progress" time="0.152" /><testcase classname="tests.test_classes.TestClassDetail" name="test_student_sees_empty_students_list" time="0.063" /><testcase classname="tests.test_classes.TestClassDetail" name="test_non_member_forbidden" time="0.381" /><testcase classname="tests.test_classes.TestRemoveStudent" name="test_non_teacher_forbidden" time="0.058" /><testcase classname="tests.test_classes.TestRemoveStudent" name="test_cannot_remove_owner" time="0.138" /><testcase classname="tests.test_classes.TestRemoveStudent" name="test_remove_unknown_user_404" time="0.055" /><testcase classname="tests.test_classes.TestRemoveStudent" name="test_teacher_can_remove_student" time="0.142" /><testcase classname="tests.test_classes.TestLeaderboard" name="test_member_can_see_leaderboard_sorted" time="0.132" /><testcase classname="tests.test_classes.TestLeaderboard" name="test_student_caller_sees_is_me_true_for_self" time="0.081" /><testcase classname="tests.test_classes.TestLeaderboard" name="test_non_member_forbidden" time="0.053" /><testcase classname="tests.test_classes.TestLeaderboard" name="test_unknown_class_returns_404" time="0.058" /><testcase classname="tests.test_classes.TestLeaderboard" name="test_requires_auth" time="0.077" /><testcase classname="tests.test_classes.TestDeleteClass" name="test_non_owner_forbidden" time="0.060" /><testcase classname="tests.test_classes.TestDeleteClass" name="test_owner_deletes_and_memberships_cascade" time="0.197" /><testcase classname="tests.test_classes.TestCertificatesCertIdField" name="test_pro_user_has_cert_id_for_completed_python" time="0.204" /><testcase classname="tests.test_paywall_certs" name="test_api_root" time="0.131" /><testcase classname="tests.test_paywall_certs.TestPathPaywall" name="test_free_user_sees_requires_pro_flags" time="0.352" /><testcase classname="tests.test_paywall_certs.TestPathPaywall" name="test_pro_user_has_no_locked_lessons" time="0.324" /><testcase classname="tests.test_paywall_certs.TestPathPaywall" name="test_anonymous_user_sees_locked_lessons" time="0.052" /><testcase classname="tests.test_paywall_certs.TestLessonPaywall" name="test_free_user_gets_minimal_pro_lesson" time="0.048" /><testcase classname="tests.test_paywall_certs.TestLessonPaywall" name="test_pro_user_gets_full_lesson" time="0.054" /><testcase classname="tests.test_paywall_certs.TestLessonPaywall" name="test_free_lesson_accessible_to_everyone" time="0.113" /><testcase classname="tests.test_paywall_certs.TestCompletePaywall" name="test_free_user_blocked_on_pro_lesson" time="0.049" /><testcase classname="tests.test_paywall_certs.TestCompletePaywall" name="test_free_user_allowed_on_free_lesson" time="0.102" /><testcase classname="tests.test_paywall_certs.TestCertificates" name="test_list_certificates_pro_user" time="0.055" /><testcase classname="tests.test_paywall_certs.TestCertificates" name="test_list_certificates_free_user" time="0.061" /><testcase classname="tests.test_paywall_certs.TestCertificates" name="test_list_certificates_requires_auth" time="0.048" /><testcase classname="tests.test_paywall_certs.TestCertificates" name="test_download_certificate_pro_completed" time="0.055" /><testcase classname="tests.test_paywall_certs.TestCertificates" name="test_download_certificate_pro_incomplete_returns_403" time="0.051" /><testcase classname="tests.test_paywall_certs.TestCertificates" name="test_download_certificate_free_user_returns_402" time="0.050" /><testcase classname="tests.test_paywall_certs.TestCertificates" name="test_download_certificate_unknown_track" time="0.047" /><testcase classname="tests.test_verify_endpoint.TestVerifyEndpoint" name="test_valid_cert_returns_public_fields" time="0.533" /><testcase classname="tests.test_verify_endpoint.TestVerifyEndpoint" name="test_response_keys_are_strict_allow_list" time="0.050" /><testcase classname="tests.test_verify_endpoint.TestVerifyEndpoint" name="test_invalid_cert_returns_404" time="0.051" /><testcase classname="tests.test_verify_endpoint.TestVerifyEndpoint" name="test_verify_is_public_no_auth_required" time="0.133" /></testsuite></testsuites>