<?xml version="1.0" encoding="utf-8"?><testsuites name="pytest tests"><testsuite name="pytest" errors="0" failures="0" skipped="0" tests="19" time="3.165" timestamp="2026-05-01T17:08:03.466410+00:00" hostname="agent-env-d8398a1a-e42a-44e4-b917-481335faf94f"><testcase classname="backend.tests.test_paywall_certs" name="test_api_root" time="0.221" /><testcase classname="backend.tests.test_paywall_certs.TestPathPaywall" name="test_free_user_sees_requires_pro_flags" time="0.391" /><testcase classname="backend.tests.test_paywall_certs.TestPathPaywall" name="test_pro_user_has_no_locked_lessons" time="0.394" /><testcase classname="backend.tests.test_paywall_certs.TestPathPaywall" name="test_anonymous_user_sees_locked_lessons" time="0.101" /><testcase classname="backend.tests.test_paywall_certs.TestLessonPaywall" name="test_free_user_gets_minimal_pro_lesson" time="0.077" /><testcase classname="backend.tests.test_paywall_certs.TestLessonPaywall" name="test_pro_user_gets_full_lesson" time="0.086" /><testcase classname="backend.tests.test_paywall_certs.TestLessonPaywall" name="test_free_lesson_accessible_to_everyone" time="0.169" /><testcase classname="backend.tests.test_paywall_certs.TestCompletePaywall" name="test_free_user_blocked_on_pro_lesson" time="0.079" /><testcase classname="backend.tests.test_paywall_certs.TestCompletePaywall" name="test_free_user_allowed_on_free_lesson" time="0.164" /><testcase classname="backend.tests.test_paywall_certs.TestCertificates" name="test_list_certificates_pro_user" time="0.086" /><testcase classname="backend.tests.test_paywall_certs.TestCertificates" name="test_list_certificates_free_user" time="0.084" /><testcase classname="backend.tests.test_paywall_certs.TestCertificates" name="test_list_certificates_requires_auth" time="0.077" /><testcase classname="backend.tests.test_paywall_certs.TestCertificates" name="test_download_certificate_pro_completed" time="0.083" /><testcase classname="backend.tests.test_paywall_certs.TestCertificates" name="test_download_certificate_pro_incomplete_returns_403" time="0.086" /><testcase classname="backend.tests.test_paywall_certs.TestCertificates" name="test_download_certificate_free_user_returns_402" time="0.081" /><testcase classname="backend.tests.test_paywall_certs.TestCertificates" name="test_download_certificate_unknown_track" time="0.080" /><testcase classname="backend.tests.test_verify_endpoint.TestVerifyEndpoint" name="test_valid_cert_returns_public_fields" time="0.612" /><testcase classname="backend.tests.test_verify_endpoint.TestVerifyEndpoint" name="test_invalid_cert_returns_404" time="0.079" /><testcase classname="backend.tests.test_verify_endpoint.TestVerifyEndpoint" name="test_verify_is_public_no_auth_required" time="0.145" /></testsuite></testsuites>