<?xml version="1.0" encoding="utf-8"?><testsuites name="pytest tests"><testsuite name="pytest" errors="0" failures="0" skipped="0" tests="17" time="3.086" timestamp="2026-05-01T17:07:55.935194+00:00" hostname="agent-env-d8398a1a-e42a-44e4-b917-481335faf94f"><testcase classname="backend.tests.test_classes.TestCreateClass" name="test_create_returns_expected_shape" time="0.550" /><testcase classname="backend.tests.test_classes.TestCreateClass" name="test_create_requires_auth" time="0.078" /><testcase classname="backend.tests.test_classes.TestJoinClass" name="test_invalid_code_returns_404" time="0.380" /><testcase classname="backend.tests.test_classes.TestJoinClass" name="test_student_joins_with_valid_code" time="0.080" /><testcase classname="backend.tests.test_classes.TestJoinClass" name="test_second_join_returns_already_member" time="0.076" /><testcase classname="backend.tests.test_classes.TestMineEndpoint" name="test_teacher_sees_invite_code" time="0.087" /><testcase classname="backend.tests.test_classes.TestMineEndpoint" name="test_student_invite_code_is_null" time="0.075" /><testcase classname="backend.tests.test_classes.TestClassDetail" name="test_teacher_sees_students_with_progress" time="0.157" /><testcase classname="backend.tests.test_classes.TestClassDetail" name="test_student_sees_empty_students_list" time="0.077" /><testcase classname="backend.tests.test_classes.TestClassDetail" name="test_non_member_forbidden" time="0.400" /><testcase classname="backend.tests.test_classes.TestRemoveStudent" name="test_non_teacher_forbidden" time="0.085" /><testcase classname="backend.tests.test_classes.TestRemoveStudent" name="test_cannot_remove_owner" time="0.152" /><testcase classname="backend.tests.test_classes.TestRemoveStudent" name="test_remove_unknown_user_404" time="0.079" /><testcase classname="backend.tests.test_classes.TestRemoveStudent" name="test_teacher_can_remove_student" time="0.154" /><testcase classname="backend.tests.test_classes.TestDeleteClass" name="test_non_owner_forbidden" time="0.074" /><testcase classname="backend.tests.test_classes.TestDeleteClass" name="test_owner_deletes_and_memberships_cascade" time="0.225" /><testcase classname="backend.tests.test_classes.TestCertificatesCertIdField" name="test_pro_user_has_cert_id_for_completed_python" time="0.252" /></testsuite></testsuites>